********************************************************
* Wfuzz 3.1.0 - The Web Fuzzer                         *
********************************************************

Target: http://trick.htb/FUZZ/
Total requests: 100000

=====================================================================
ID           Response   Lines    Word       Chars       Payload     
=====================================================================

000000197:   403        7 L      10 W       169 Ch      "js"        
000000324:   403        7 L      10 W       169 Ch      "assets"    
000000717:   403        7 L      10 W       169 Ch      "css"       
^C /usr/local/lib/python3.10/dist-packages/wfuzz/wfuzz.py:79: UserWarning:Finishing pending requests...

Total time: 0
Processed Requests: 3802
Filtered Requests: 3799
Requests/sec.: 0

wfuzz -c -w ./diccionario -H "Host: FUZZ.trick.htb" -u 10.10.11.166 -t 100 --hl 83
********************************************************
* Wfuzz 3.1.0 - The Web Fuzzer                         *
********************************************************

Target: http://10.10.11.166/
Total requests: 4989

=====================================================================
ID           Response   Lines    Word       Chars       Payload        
=====================================================================

000000254:   200        178 L    631 W      9660 Ch     "preprod-market
                                                        ing"           

Total time: 0
Processed Requests: 4989
Filtered Requests: 4988
Requests/sec.: 0

